Solid Edge Translation to STL
Date: quarta-feira,maio 29,2019 07:50
Source File:C:\Users\Marcos\Documents\Faculdade\LEM\GitHub - Marcos-GD\Authentication-with-RFID-and-biometrics\Prototipo\Box\RFID_Porta01.par
Output File: C:\Users\Marcos\Documents\Faculdade\LEM\GitHub - Marcos-GD\Authentication-with-RFID-and-biometrics\Prototipo\Box\RFID_Porta01.stl
Source System: SOLID EDGE

Hardware:
Processor: Intel(R) Celeron(R) CPU  N3010  @ 1.04GHz
Operating System: Windows 8
Memory: 3,85 GB

Software Information:
Parasolid Version: 30.1.256
Bodyshop Version: 30.1.94
Solid Edge Version: 219.00.00.091 x64

STL Export Options:
Output File Format:BINARY
Export Displayed Parts:Off
structureOption: Monolithic
Export Units:Inch
Export Tolerance Value:0,050000
Export Tolerance Type:Custom
Export Surface Plane Angle Value:0,523599

Translation progress:
Phase 1 of 2 Fetching Parasolid information...
Phase 2 of 2 Translating Parasolid to foreign data types...
Number of STL file Created : 1
Translation process completed
Time required to translate:00 : 00 : 05
